<?xml version="1.0" encoding="UTF-8"?>
<testsuite xmlns:xsi="http://www.w3.org/2001/XMLSchema-instance" xsi:noNamespaceSchemaLocation="https://maven.apache.org/surefire/maven-surefire-plugin/xsd/surefire-test-report.xsd" version="3.0.2" name="br.com.transformers.ems.algashop.ordering.domain.model.entity.OrderItemTest" time="0.025" tests="1" errors="1" skipped="0" failures="0">
  <properties>
[...]
</properties>
  <testcase name="testCreateDraft" classname="br.com.transformers.ems.algashop.ordering.domain.model.entity.OrderItemTest" time="0.017">
    <error type="java.lang.IllegalArgumentException"><![CDATA[java.lang.IllegalArgumentException
	at br.com.transformers.ems.algashop.ordering.domain.model.valueobject.Money.multiply(Money.java:37)
	at br.com.transformers.ems.algashop.ordering.domain.model.entity.OrderItem.recalculateTotals(OrderItem.java:158)
	at br.com.transformers.ems.algashop.ordering.domain.model.entity.OrderItem.brandNew(OrderItem.java:58)
	at br.com.transformers.ems.algashop.ordering.domain.model.entity.OrderItemTest.testCreateDraft(OrderItemTest.java:14)
	at java.base/java.lang.reflect.Method.invoke(Method.java:580)
	at java.base/java.util.ArrayList.forEach(ArrayList.java:1596)
	at java.base/java.util.ArrayList.forEach(ArrayList.java:1596)
]]></error>
  </testcase>
</testsuite>